
=== Mon Nov 29 14:57:30 2021

Packages were changed.
Update Mode: updateDependencies

The following packages were updated:
  com.unity.2d.animation from version 4.2.6 to 7.0.1
  com.unity.2d.pixel-perfect from version 3.0.2 to 5.0.1
  com.unity.2d.psdimporter from version 3.1.6 to 6.0.1
  com.unity.2d.spriteshape from version 4.1.4 to 7.0.2
  com.unity.cinemachine from version 2.6.5 to 2.8.2
  com.unity.collab-proxy from version 1.3.9 to 1.15.1
  com.unity.ide.rider from version 1.2.1 to 3.0.7
  com.unity.ide.visualstudio from version 2.0.5 to 2.0.11
  com.unity.ide.vscode from version 1.2.3 to 1.2.4
  com.unity.inputsystem from version 1.1.0-preview.3 to 1.1.1
  com.unity.render-pipelines.universal from version 8.3.1 to 12.1.1
  com.unity.test-framework from version 1.1.19 to 1.1.29
  com.unity.textmeshpro from version 3.0.1 to 3.0.6
  com.unity.timeline from version 1.3.6 to 1.6.2
The following packages were removed:
  com.unity.device-simulator@3.0.0-preview
  com.unity.quicksearch@1.5.4
